<?xml version="1.0" encoding="UTF-8"?>
<testsuite xmlns:xsi="http://www.w3.org/2001/XMLSchema-instance" xsi:noNamespaceSchemaLocation="https://maven.apache.org/surefire/maven-surefire-plugin/xsd/surefire-test-report-3.0.xsd" version="3.0" name="de.bcxp.challenge.documentParsing.csv.CsvParserTest" time="0.455" tests="5" errors="0" skipped="0" failures="0">
  <properties>
[...]
</properties>
  <testcase name="testReadFileWithHeaderNullFilePath" classname="de.bcxp.challenge.documentParsing.csv.CsvParserTest" time="0.037"/>
  <testcase name="testReadFileWithHeaderEmptyFilePath" classname="de.bcxp.challenge.documentParsing.csv.CsvParserTest" time="0.003"/>
  <testcase name="testReadFileWithHeaderFileNotFound" classname="de.bcxp.challenge.documentParsing.csv.CsvParserTest" time="0.003"/>
  <testcase name="testReadFileWithHeader" classname="de.bcxp.challenge.documentParsing.csv.CsvParserTest" time="0.016"/>
  <testcase name="testReadFileWithHeaderIOException" classname="de.bcxp.challenge.documentParsing.csv.CsvParserTest" time="0.001"/>
</testsuite>